<?xml version="1.0" encoding="UTF-8"?>
<!-- Generated by org.testng.reporters.JUnitReportReporter -->
<testsuite hostname="Ankitas-MacBook-Air.local" failures="0" tests="8" name="com.github.tests.GithubApiTest" time="7.685" errors="0" timestamp="2024-11-10T21:06:20 GMT-08:00" skipped="0">
  <testcase classname="com.github.tests.GithubApiTest" name="testDeleteNonExistingRepository" time="0.257"/>
  <system-out/>
  <testcase classname="com.github.tests.GithubApiTest" name="testCreateRepo" time="4.714"/>
  <system-out/>
  <testcase classname="com.github.tests.GithubApiTest" name="testGetSingleRepository" time="0.339"/>
  <system-out/>
  <testcase classname="com.github.tests.GithubApiTest" name="testDeleteRepository" time="0.562"/>
  <system-out/>
  <testcase classname="com.github.tests.GithubApiTest" name="testGetSingleRepositoryWithNonExistingRepo" time="0.248"/>
  <system-out/>
  <testcase classname="com.github.tests.GithubApiTest" name="testGetAllRepositories" time="0.571"/>
  <system-out/>
  <testcase classname="com.github.tests.GithubApiTest" name="testUpdateRepository" time="0.678"/>
  <system-out/>
  <testcase classname="com.github.tests.GithubApiTest" name="testCreateRepoWithExistingName" time="0.316"/>
  <system-out/>
</testsuite> <!-- com.github.tests.GithubApiTest -->
